<?xml version="1.0" encoding="UTF-8"?>
<testsuite xmlns:xsi="http://www.w3.org/2001/XMLSchema-instance" xsi:noNamespaceSchemaLocation="https://maven.apache.org/surefire/maven-surefire-plugin/xsd/surefire-test-report-3.0.xsd" version="3.0" name="cn.zshey.check.CheckApplicationTests" time="3.371" tests="1" errors="0" skipped="0" failures="0">
  <properties>
[...]
</properties>
  <testcase name="contextLoads" classname="cn.zshey.check.CheckApplicationTests" time="0.852">
    <system-out><![CDATA[22:56:59.724 [main] INFO org.springframework.test.context.support.AnnotationConfigContextLoaderUtils -- Could not detect default configuration classes for test class [cn.zshey.check.CheckApplicationTests]: CheckApplicationTests does not declare any static, non-private, non-final, nested classes annotated with @Configuration.
22:56:59.839 [main] INFO org.springframework.boot.test.context.SpringBootTestContextBootstrapper -- Found @SpringBootConfiguration cn.zshey.check.CheckApplication for test class cn.zshey.check.CheckApplicationTests

  .   ____          _            __ _ _
 /\\ / ___'_ __ _ _(_)_ __  __ _ \ \ \ \
( ( )\___ | '_ | '_| | '_ \/ _` | \ \ \ \
 \\/  ___)| |_)| | | | | || (_| |  ) ) ) )
  '  |____| .__|_| |_|_| |_\__, | / / / /
 =========|_|==============|___/=/_/_/_/

 :: Spring Boot ::                (v3.3.3)

2024-10-24T22:57:00.260+08:00  INFO 23708 --- [check] [           main] cn.zshey.check.CheckApplicationTests     : Starting CheckApplicationTests using Java 21.0.4 with PID 23708 (started by zshey in D:\WorkSpace\Project\OpenProject\qduoj-2-dev\OnlineJudgeCodeDetection\check)
2024-10-24T22:57:00.261+08:00  INFO 23708 --- [check] [           main] cn.zshey.check.CheckApplicationTests     : No active profile set, falling back to 1 default profile: "default"
2024-10-24T22:57:00.979+08:00  WARN 23708 --- [check] [           main] o.m.s.mapper.ClassPathMapperScanner      : No MyBatis mapper was found in '[cn.zshey.check.mapper]' package. Please check your configuration.
 _ _   |_  _ _|_. ___ _ |    _ 
| | |\/|_)(_| | |_\  |_)||_|_\ 
     /               |         
                        3.5.7 
2024-10-24T22:57:02.032+08:00  INFO 23708 --- [check] [           main] cn.zshey.check.CheckApplicationTests     : Started CheckApplicationTests in 2.069 seconds (process running for 3.09)
]]></system-out>
    <system-err><![CDATA[WARNING: A Java agent has been loaded dynamically (C:\Users\zshey\.m2\repository\net\bytebuddy\byte-buddy-agent\1.14.19\byte-buddy-agent-1.14.19.jar)
WARNING: If a serviceability tool is in use, please run with -XX:+EnableDynamicAgentLoading to hide this warning
WARNING: If a serviceability tool is not in use, please run with -Djdk.instrument.traceUsage for more information
WARNING: Dynamic loading of agents will be disallowed by default in a future release
]]></system-err>
  </testcase>
</testsuite>